<?xml version="1.0" encoding="UTF-8"?>
<testsuite name="mooc.vandy.java4android.gate.logic.AutoGraderPreview" tests="1" skipped="0" failures="0" errors="0" timestamp="2023-09-27T12:49:08" hostname="Ngs-MacBook-Pro.local" time="0.068">
  <properties/>
  <testcase name="graderPreview" classname="mooc.vandy.java4android.gate.logic.AutoGraderPreview" time="0.068"/>
  <system-out><![CDATA[

Your assignment HAS NOT BEEN SUBMITTED. The following test results only
estimate your grade.


Your estimated score is: 57.0/57
(This is not your actual grade for this assignment, just an estimate. Your
official grade will be calculated after you submit your submission.zip file to
Coursera.


------------------------------Assignment Evaluation-----------------------------
--------Your solution received points for the following grading rubrics:--------


testGateToStringWhenOpenedIn
Rubric Score: 3.0/3.0
Goal: The goal of this evaluation is to test GateToString
Reference: This Test fails when: The method toString() is not created properly

testGateToStringWhenOpenedOut
Rubric Score: 3.0/3.0
Goal: The goal of this evaluation is to test GateToString
Reference: This Test fails when: The method toString() is not created properly

testGateToString
Rubric Score: 3.0/3.0
Goal: The goal of this evaluation is to test GateToString
Reference: This Test fails when: The method toString() is not created properly

testCloseGate
Rubric Score: 4.0/4.0
Goal: The goal of this evaluation is to test CloseGate
Reference: This Test fails when: The Gate did not close properly

testGateConstructor
Rubric Score: 4.0/4.0
Goal: The goal of this evaluation is to test GateConstructor
Reference: This Test fails when: The Could not create Gate object

testOpenOut
Rubric Score: 4.0/4.0
Goal: The goal of this evaluation is to test Open(Gate.OUT)
Reference: This Test fails when: The Gate could not be set to OUT or the open
method returns false

testOpenClose
Rubric Score: 4.0/4.0
Goal: The goal of this evaluation is to test open(Gate.CLOSED)
Reference: This Test fails when: Gate open does not return false when passed a
value of CLOSED or if the swing state is changed by this call

testSetSwingIn
Rubric Score: 3.0/3.0
Goal: The goal of this evaluation is to test SetSwingIn
Reference: This Test fails when: The Gate could not be set to swing IN

testSetSwingOut
Rubric Score: 3.0/3.0
Goal: The goal of this evaluation is to test SetSwingOut
Reference: This Test fails when: The Gate could not be set to swing OUT

testInvalidSwingParameter
Rubric Score: 4.0/4.0
Goal: The goal of this evaluation is to test InvalidSwingParameter
Reference: This Test fails when: The Gate was set to invalid number

testThruOut
Rubric Score: 4.0/4.0
Goal: The goal of this evaluation is to test ThruOut
Reference: This Test fails when: The gate allows thru() with OUT

testThruWhenClosed
Rubric Score: 4.0/4.0
Goal: The goal of this evaluation is to test ThruWhenClosed
Reference: This Test fails when: The gate Allowed thru() when gate was closed

testGateToStringWhenClosed
Rubric Score: 3.0/3.0
Goal: The goal of this evaluation is to test GateToString
Reference: This Test fails when: The method toString() is not created properly

testGatesAreIndependent
Rubric Score: 3.0/3.0
Goal: The goal of this evaluation is to ensure all Gate objects are independent
Reference: This Test fails when: Gate objects are not independent

testOpenIn
Rubric Score: 4.0/4.0
Goal: The goal of this evaluation is to test Open(Gate.IN)
Reference: This Test fails when: The Gate could not be set to IN or the open
method returns false

testThruIn
Rubric Score: 4.0/4.0
Goal: The goal of this evaluation is to test ThruIn
Reference: This Test fails when: The gate allows thru() with IN


]]></system-out>
  <system-err><![CDATA[]]></system-err>
</testsuite>
